TN:
SF:srv/Employee-service-refactored.ts
FN:16,(anonymous_0)
FN:25,(anonymous_1)
FN:50,(anonymous_2)
FN:59,(anonymous_3)
FN:79,(anonymous_4)
FN:114,(anonymous_5)
FN:128,(anonymous_6)
FNF:7
FNH:0
FNDA:0,(anonymous_0)
FNDA:0,(anonymous_1)
FNDA:0,(anonymous_2)
FNDA:0,(anonymous_3)
FNDA:0,(anonymous_4)
FNDA:0,(anonymous_5)
FNDA:0,(anonymous_6)
DA:17,0
DA:20,0
DA:21,0
DA:22,0
DA:25,0
DA:26,0
DA:28,0
DA:30,0
DA:32,0
DA:38,0
DA:42,0
DA:50,0
DA:51,0
DA:52,0
DA:53,0
DA:54,0
DA:55,0
DA:59,0
DA:60,0
DA:61,0
DA:63,0
DA:64,0
DA:65,0
DA:79,0
DA:81,0
DA:82,0
DA:83,0
DA:87,0
DA:88,0
DA:92,0
DA:93,0
DA:101,0
DA:102,0
DA:106,0
DA:110,0
DA:114,0
DA:115,0
DA:116,0
DA:118,0
DA:119,0
DA:120,0
DA:123,0
DA:124,0
DA:128,0
DA:129,0
DA:130,0
DA:132,0
DA:133,0
DA:134,0
DA:137,0
DA:140,0
LF:51
LH:0
BRDA:26,0,0,0
BRDA:26,0,1,0
BRDA:28,1,0,0
BRDA:28,1,1,0
BRDA:61,2,0,0
BRDA:61,2,1,0
BRDA:82,3,0,0
BRDA:82,3,1,0
BRDA:87,4,0,0
BRDA:87,4,1,0
BRDA:92,5,0,0
BRDA:92,5,1,0
BRDA:101,6,0,0
BRDA:101,6,1,0
BRDA:110,7,0,0
BRDA:110,7,1,0
BRDA:118,8,0,0
BRDA:118,8,1,0
BRDA:119,9,0,0
BRDA:119,9,1,0
BRDA:132,10,0,0
BRDA:132,10,1,0
BRDA:133,11,0,0
BRDA:133,11,1,0
BRF:24
BRH:0
end_of_record
TN:
SF:srv/Employee-service.ts
FN:4,(anonymous_0)
FN:10,getNextEmployeeID
FN:30,generateUniqueEmail
FN:72,(anonymous_3)
FN:84,(anonymous_4)
FN:113,(anonymous_5)
FN:122,(anonymous_6)
FN:143,(anonymous_7)
FN:305,(anonymous_8)
FN:318,(anonymous_9)
FNF:10
FNH:0
FNDA:0,(anonymous_0)
FNDA:0,getNextEmployeeID
FNDA:0,generateUniqueEmail
FNDA:0,(anonymous_3)
FNDA:0,(anonymous_4)
FNDA:0,(anonymous_5)
FNDA:0,(anonymous_6)
FNDA:0,(anonymous_7)
FNDA:0,(anonymous_8)
FNDA:0,(anonymous_9)
DA:5,0
DA:6,0
DA:7,0
DA:11,0
DA:14,0
DA:22,0
DA:23,0
DA:24,0
DA:26,0
DA:31,0
DA:32,0
DA:33,0
DA:35,0
DA:36,0
DA:72,0
DA:73,0
DA:74,0
DA:76,0
DA:77,0
DA:78,0
DA:80,0
DA:84,0
DA:86,0
DA:89,0
DA:91,0
DA:92,0
DA:93,0
DA:96,0
DA:97,0
DA:98,0
DA:102,0
DA:106,0
DA:107,0
DA:108,0
DA:113,0
DA:114,0
DA:115,0
DA:116,0
DA:117,0
DA:118,0
DA:122,0
DA:123,0
DA:125,0
DA:127,0
DA:128,0
DA:129,0
DA:143,0
DA:145,0
DA:146,0
DA:148,0
DA:149,0
DA:151,0
DA:152,0
DA:154,0
DA:155,0
DA:157,0
DA:158,0
DA:160,0
DA:161,0
DA:165,0
DA:166,0
DA:167,0
DA:169,0
DA:170,0
DA:174,0
DA:175,0
DA:179,0
DA:180,0
DA:184,0
DA:185,0
DA:189,0
DA:190,0
DA:191,0
DA:192,0
DA:193,0
DA:194,0
DA:196,0
DA:197,0
DA:199,0
DA:200,0
DA:205,0
DA:206,0
DA:210,0
DA:211,0
DA:215,0
DA:216,0
DA:219,0
DA:220,0
DA:223,0
DA:224,0
DA:228,0
DA:229,0
DA:231,0
DA:232,0
DA:234,0
DA:235,0
DA:237,0
DA:238,0
DA:241,0
DA:242,0
DA:244,0
DA:245,0
DA:247,0
DA:248,0
DA:253,0
DA:254,0
DA:256,0
DA:257,0
DA:259,0
DA:260,0
DA:263,0
DA:264,0
DA:269,0
DA:270,0
DA:272,0
DA:273,0
DA:275,0
DA:276,0
DA:279,0
DA:280,0
DA:286,0
DA:287,0
DA:288,0
DA:289,0
DA:291,0
DA:292,0
DA:296,0
DA:297,0
DA:300,0
DA:301,0
DA:305,0
DA:306,0
DA:307,0
DA:308,0
DA:309,0
DA:310,0
DA:312,0
DA:313,0
DA:314,0
DA:318,0
DA:319,0
DA:320,0
DA:321,0
DA:322,0
DA:324,0
DA:325,0
DA:328,0
LF:147
LH:0
BRDA:22,0,0,0
BRDA:22,0,1,0
BRDA:24,1,0,0
BRDA:24,1,1,0
BRDA:31,2,0,0
BRDA:31,2,1,0
BRDA:32,3,0,0
BRDA:32,3,1,0
BRDA:33,4,0,0
BRDA:33,4,1,0
BRDA:33,5,0,0
BRDA:33,5,1,0
BRDA:86,6,0,0
BRDA:86,6,1,0
BRDA:89,7,0,0
BRDA:89,7,1,0
BRDA:92,8,0,0
BRDA:92,8,1,0
BRDA:93,9,0,0
BRDA:93,9,1,0
BRDA:96,10,0,0
BRDA:96,10,1,0
BRDA:96,11,0,0
BRDA:96,11,1,0
BRDA:107,12,0,0
BRDA:107,12,1,0
BRDA:108,13,0,0
BRDA:108,13,1,0
BRDA:125,14,0,0
BRDA:125,14,1,0
BRDA:145,15,0,0
BRDA:145,15,1,0
BRDA:148,16,0,0
BRDA:148,16,1,0
BRDA:151,17,0,0
BRDA:151,17,1,0
BRDA:154,18,0,0
BRDA:154,18,1,0
BRDA:157,19,0,0
BRDA:157,19,1,0
BRDA:160,20,0,0
BRDA:160,20,1,0
BRDA:166,21,0,0
BRDA:166,21,1,0
BRDA:169,22,0,0
BRDA:169,22,1,0
BRDA:174,23,0,0
BRDA:174,23,1,0
BRDA:179,24,0,0
BRDA:179,24,1,0
BRDA:184,25,0,0
BRDA:184,25,1,0
BRDA:192,26,0,0
BRDA:192,26,1,0
BRDA:192,27,0,0
BRDA:192,27,1,0
BRDA:192,27,2,0
BRDA:193,28,0,0
BRDA:193,28,1,0
BRDA:196,29,0,0
BRDA:196,29,1,0
BRDA:199,30,0,0
BRDA:199,30,1,0
BRDA:205,31,0,0
BRDA:205,31,1,0
BRDA:205,32,0,0
BRDA:205,32,1,0
BRDA:210,33,0,0
BRDA:210,33,1,0
BRDA:210,34,0,0
BRDA:210,34,1,0
BRDA:215,35,0,0
BRDA:215,35,1,0
BRDA:215,36,0,0
BRDA:215,36,1,0
BRDA:219,37,0,0
BRDA:219,37,1,0
BRDA:223,38,0,0
BRDA:223,38,1,0
BRDA:228,39,0,0
BRDA:228,39,1,0
BRDA:231,40,0,0
BRDA:231,40,1,0
BRDA:234,41,0,0
BRDA:234,41,1,0
BRDA:234,42,0,0
BRDA:234,42,1,0
BRDA:237,43,0,0
BRDA:237,43,1,0
BRDA:241,44,0,0
BRDA:241,44,1,0
BRDA:244,45,0,0
BRDA:244,45,1,0
BRDA:244,46,0,0
BRDA:244,46,1,0
BRDA:247,47,0,0
BRDA:247,47,1,0
BRDA:247,48,0,0
BRDA:247,48,1,0
BRDA:247,48,2,0
BRDA:253,49,0,0
BRDA:253,49,1,0
BRDA:256,50,0,0
BRDA:256,50,1,0
BRDA:259,51,0,0
BRDA:259,51,1,0
BRDA:263,52,0,0
BRDA:263,52,1,0
BRDA:263,53,0,0
BRDA:263,53,1,0
BRDA:269,54,0,0
BRDA:269,54,1,0
BRDA:272,55,0,0
BRDA:272,55,1,0
BRDA:275,56,0,0
BRDA:275,56,1,0
BRDA:279,57,0,0
BRDA:279,57,1,0
BRDA:279,58,0,0
BRDA:279,58,1,0
BRDA:287,59,0,0
BRDA:287,59,1,0
BRDA:287,60,0,0
BRDA:287,60,1,0
BRDA:288,61,0,0
BRDA:288,61,1,0
BRDA:291,62,0,0
BRDA:291,62,1,0
BRDA:296,63,0,0
BRDA:296,63,1,0
BRDA:301,64,0,0
BRDA:301,64,1,0
BRDA:308,65,0,0
BRDA:308,65,1,0
BRDA:309,66,0,0
BRDA:309,66,1,0
BRDA:310,67,0,0
BRDA:310,67,1,0
BRDA:321,68,0,0
BRDA:321,68,1,0
BRDA:322,69,0,0
BRDA:322,69,1,0
BRF:142
BRH:0
end_of_record
TN:
SF:srv/learning.ts
FN:4,(anonymous_0)
FN:7,(anonymous_1)
FN:10,(anonymous_2)
FN:11,(anonymous_3)
FNF:4
FNH:0
FNDA:0,(anonymous_0)
FNDA:0,(anonymous_1)
FNDA:0,(anonymous_2)
FNDA:0,(anonymous_3)
DA:5,0
DA:7,0
DA:8,0
DA:9,0
DA:10,0
DA:11,0
DA:13,0
DA:14,0
DA:15,0
DA:19,0
LF:10
LH:0
BRDA:9,0,0,0
BRDA:9,0,1,0
BRDA:13,1,0,0
BRDA:13,1,1,0
BRF:4
BRH:0
end_of_record
TN:
SF:srv/project.ts
FN:4,(anonymous_0)
FN:7,(anonymous_1)
FN:10,(anonymous_2)
FN:13,(anonymous_3)
FN:14,(anonymous_4)
FNF:5
FNH:0
FNDA:0,(anonymous_0)
FNDA:0,(anonymous_1)
FNDA:0,(anonymous_2)
FNDA:0,(anonymous_3)
FNDA:0,(anonymous_4)
DA:5,0
DA:7,0
DA:10,0
DA:11,0
DA:12,0
DA:13,0
DA:14,0
DA:16,0
DA:17,0
DA:18,0
DA:22,0
LF:11
LH:0
BRDA:12,0,0,0
BRDA:12,0,1,0
BRDA:16,1,0,0
BRDA:16,1,1,0
BRF:4
BRH:0
end_of_record
TN:
SF:srv/repository/EmployeeRepository.ts
FN:12,(anonymous_1)
FN:16,(anonymous_2)
FN:26,(anonymous_3)
FN:36,(anonymous_4)
FN:42,(anonymous_5)
FN:48,(anonymous_6)
FN:57,(anonymous_7)
FN:68,(anonymous_8)
FN:77,(anonymous_9)
FN:86,(anonymous_10)
FN:95,(anonymous_11)
FNF:11
FNH:0
FNDA:0,(anonymous_1)
FNDA:0,(anonymous_2)
FNDA:0,(anonymous_3)
FNDA:0,(anonymous_4)
FNDA:0,(anonymous_5)
FNDA:0,(anonymous_6)
FNDA:0,(anonymous_7)
FNDA:0,(anonymous_8)
FNDA:0,(anonymous_9)
FNDA:0,(anonymous_10)
FNDA:0,(anonymous_11)
DA:1,1
DA:8,1
DA:13,0
DA:17,0
DA:18,0
DA:20,0
DA:27,0
DA:30,0
DA:37,0
DA:42,0
DA:49,0
DA:58,0
DA:69,0
DA:78,0
DA:87,0
DA:96,0
DA:102,1
LF:17
LH:3
BRDA:17,0,0,0
BRDA:30,1,0,0
BRDA:30,1,1,0
BRF:3
BRH:0
end_of_record
TN:
SF:srv/services/EmployeeBusinessService.ts
FN:11,(anonymous_0)
FN:18,(anonymous_1)
FN:32,(anonymous_2)
FN:54,(anonymous_3)
FN:67,(anonymous_4)
FN:75,(anonymous_5)
FN:83,(anonymous_6)
FN:154,(anonymous_7)
FN:161,(anonymous_8)
FN:185,(anonymous_9)
FNF:10
FNH:10
FNDA:41,(anonymous_0)
FNDA:4,(anonymous_1)
FNDA:7,(anonymous_2)
FNDA:6,(anonymous_3)
FNDA:5,(anonymous_4)
FNDA:4,(anonymous_5)
FNDA:5,(anonymous_6)
FNDA:3,(anonymous_7)
FNDA:4,(anonymous_8)
FNDA:3,(anonymous_9)
DA:2,1
DA:8,1
DA:12,41
DA:19,4
DA:20,4
DA:22,4
DA:23,3
DA:24,3
DA:26,4
DA:33,7
DA:34,7
DA:35,7
DA:37,5
DA:38,5
DA:39,5
DA:41,5
DA:42,5
DA:44,5
DA:45,4
DA:46,4
DA:48,5
DA:55,6
DA:56,6
DA:58,6
DA:59,2
DA:61,4
DA:68,5
DA:69,5
DA:76,4
DA:77,4
DA:85,5
DA:86,5
DA:89,5
DA:90,5
DA:92,4
DA:93,4
DA:96,4
DA:97,4
DA:100,3
DA:101,3
DA:104,3
DA:105,3
DA:108,3
DA:109,3
DA:111,3
DA:112,3
DA:114,3
DA:115,3
DA:117,3
DA:118,3
DA:121,3
DA:122,3
DA:125,3
DA:126,2
DA:127,2
DA:128,2
DA:133,2
DA:134,0
DA:135,0
DA:136,0
DA:141,2
DA:142,0
DA:143,0
DA:144,0
DA:148,2
DA:155,3
DA:162,4
DA:164,4
DA:165,1
DA:167,3
DA:168,1
DA:170,2
DA:171,1
DA:174,1
DA:175,1
DA:186,3
DA:188,3
DA:189,1
DA:191,2
DA:192,1
DA:195,1
DA:196,1
DA:204,1
LF:83
LH:77
BRDA:22,0,0,3
BRDA:24,1,0,3
BRDA:33,2,0,7
BRDA:33,2,1,1
BRDA:34,3,0,7
BRDA:34,3,1,1
BRDA:35,4,0,2
BRDA:35,5,0,7
BRDA:35,5,1,6
BRDA:55,6,0,6
BRDA:55,6,1,1
BRDA:56,7,0,6
BRDA:56,7,1,2
BRDA:58,8,0,2
BRDA:58,9,0,6
BRDA:58,9,1,5
BRDA:69,10,0,5
BRDA:69,10,1,4
BRDA:77,11,0,4
BRDA:77,11,1,3
BRDA:86,12,0,0
BRDA:90,13,0,1
BRDA:93,14,0,0
BRDA:97,15,0,1
BRDA:101,16,0,0
BRDA:105,17,0,0
BRDA:109,18,0,0
BRDA:112,19,0,0
BRDA:115,20,0,0
BRDA:118,21,0,0
BRDA:122,22,0,0
BRDA:125,23,0,2
BRDA:128,24,0,1
BRDA:133,25,0,0
BRDA:136,26,0,0
BRDA:141,27,0,0
BRDA:144,28,0,0
BRDA:164,29,0,1
BRDA:167,30,0,1
BRDA:170,31,0,1
BRDA:188,32,0,1
BRDA:191,33,0,1
BRF:42
BRH:29
end_of_record
TN:
SF:srv/validators/EmployeeValidator.ts
FN:27,(anonymous_0)
FN:52,(anonymous_1)
FN:65,(anonymous_2)
FN:75,(anonymous_3)
FN:88,(anonymous_4)
FN:101,(anonymous_5)
FN:123,(anonymous_6)
FN:133,(anonymous_7)
FN:143,(anonymous_8)
FN:153,(anonymous_9)
FN:171,(anonymous_10)
FN:197,(anonymous_11)
FN:213,(anonymous_12)
FNF:13
FNH:13
FNDA:13,(anonymous_0)
FNDA:15,(anonymous_1)
FNDA:8,(anonymous_2)
FNDA:8,(anonymous_3)
FNDA:8,(anonymous_4)
FNDA:8,(anonymous_5)
FNDA:8,(anonymous_6)
FNDA:3,(anonymous_7)
FNDA:8,(anonymous_8)
FNDA:8,(anonymous_9)
FNDA:9,(anonymous_10)
FNDA:5,(anonymous_11)
FNDA:4,(anonymous_12)
DA:13,1
DA:14,1
DA:15,1
DA:16,1
DA:17,1
DA:18,1
DA:19,1
DA:20,1
DA:21,1
DA:22,1
DA:28,13
DA:29,2
DA:31,11
DA:32,1
DA:34,10
DA:35,1
DA:37,9
DA:38,1
DA:40,8
DA:41,1
DA:43,7
DA:44,1
DA:46,6
DA:53,15
DA:54,3
DA:59,12
DA:66,8
DA:67,4
DA:69,4
DA:76,8
DA:77,1
DA:82,7
DA:89,8
DA:90,1
DA:95,7
DA:102,8
DA:103,8
DA:104,8
DA:106,8
DA:107,4
DA:108,0
DA:110,4
DA:111,2
DA:113,2
DA:114,1
DA:117,5
DA:124,8
DA:125,2
DA:127,6
DA:134,3
DA:135,0
DA:137,3
DA:144,8
DA:145,2
DA:147,6
DA:154,8
DA:155,4
DA:156,1
DA:161,3
DA:162,1
DA:165,6
DA:172,9
DA:173,1
DA:175,8
DA:176,1
DA:178,7
DA:179,1
DA:181,6
DA:182,1
DA:184,5
DA:185,2
DA:187,3
DA:188,3
DA:189,1
DA:191,2
DA:198,5
DA:199,1
DA:201,4
DA:202,1
DA:204,3
DA:205,1
DA:207,2
DA:214,4
DA:215,1
DA:217,3
DA:218,1
DA:220,2
DA:221,1
DA:223,1
DA:227,1
LF:90
LH:88
BRDA:28,0,0,2
BRDA:31,1,0,1
BRDA:34,2,0,1
BRDA:37,3,0,1
BRDA:40,4,0,1
BRDA:43,5,0,1
BRDA:53,6,0,3
BRDA:66,7,0,4
BRDA:76,8,0,1
BRDA:89,9,0,1
BRDA:106,10,0,4
BRDA:106,11,0,8
BRDA:106,11,1,4
BRDA:106,11,2,4
BRDA:107,12,0,0
BRDA:110,13,0,2
BRDA:113,14,0,1
BRDA:124,15,0,2
BRDA:124,16,0,8
BRDA:124,16,1,4
BRDA:134,17,0,0
BRDA:134,18,0,3
BRDA:134,18,1,0
BRDA:144,19,0,2
BRDA:144,20,0,8
BRDA:144,20,1,4
BRDA:154,21,0,4
BRDA:154,22,0,8
BRDA:154,22,1,4
BRDA:155,23,0,1
BRDA:161,24,0,1
BRDA:172,25,0,1
BRDA:175,26,0,1
BRDA:175,27,0,8
BRDA:175,27,1,7
BRDA:178,28,0,1
BRDA:181,29,0,1
BRDA:184,30,0,2
BRDA:184,31,0,5
BRDA:184,31,1,5
BRDA:188,32,0,1
BRDA:188,33,0,3
BRDA:188,33,1,3
BRDA:188,33,2,2
BRDA:198,34,0,1
BRDA:201,35,0,1
BRDA:204,36,0,1
BRDA:204,37,0,3
BRDA:204,37,1,2
BRDA:214,38,0,1
BRDA:217,39,0,1
BRDA:220,40,0,1
BRDA:220,41,0,2
BRDA:220,41,1,1
BRF:54
BRH:51
end_of_record
